[0m03:04:08.911076 [debug] [MainThread]: Sending event: {'category': 'dbt', 'action': 'invocation', 'label': 'start', 'context': [<snowplow_tracker.self_describing_json.SelfDescribingJson object at 0x000001AD713E19D0>, <snowplow_tracker.self_describing_json.SelfDescribingJson object at 0x000001AD724719D0>, <snowplow_tracker.self_describing_json.SelfDescribingJson object at 0x000001AD71496C50>]}


============================== 03:04:08.926713 | e0979de6-db62-4a16-8eca-007bc0170149 ==============================
[0m03:04:08.926713 [info ] [MainThread]: Running with dbt=1.11.11
[0m03:04:08.926713 [debug] [MainThread]: running dbt with arguments {'version_check': 'True', 'no_print': 'None', 'static_parser': 'True', 'warn_error_options': 'WarnErrorOptionsV2(error=[], warn=[], silence=[])', 'target_path': 'None', 'printer_width': '80', 'write_json': 'True', 'empty': 'None', 'log_cache_events': 'False', 'introspect': 'True', 'cache_selected_only': 'False', 'log_format': 'default', 'debug': 'False', 'fail_fast': 'False', 'profiles_dir': 'C:\\Users\\gabri\\.dbt', 'send_anonymous_usage_stats': 'True', 'quiet': 'False', 'warn_error': 'None', 'partial_parse': 'True', 'use_colors': 'True', 'invocation_command': 'dbt debug', 'indirect_selection': 'eager', 'use_experimental_parser': 'False', 'log_path': 'logs'}
[0m03:04:08.955524 [info ] [MainThread]: dbt version: 1.11.11
[0m03:04:08.955524 [info ] [MainThread]: python version: 3.11.9
[0m03:04:08.955524 [info ] [MainThread]: python path: C:\Users\gabri\AppData\Local\Programs\Python\Python311\python.exe
[0m03:04:08.958018 [info ] [MainThread]: os info: Windows-10-10.0.19045-SP0
[0m03:04:09.327459 [info ] [MainThread]: Using profiles dir at C:\Users\gabri\.dbt
[0m03:04:09.327459 [info ] [MainThread]: Using profiles.yml file at C:\Users\gabri\.dbt\profiles.yml
[0m03:04:09.327459 [info ] [MainThread]: Using dbt_project.yml file at C:\projetos\air-quality-pipeline\dbt_project.yml
[0m03:04:09.327459 [info ] [MainThread]: adapter type: athena
[0m03:04:09.327459 [info ] [MainThread]: adapter version: 1.10.1
[0m03:04:09.327459 [info ] [MainThread]: Configuration:
[0m03:04:09.327459 [info ] [MainThread]:   profiles.yml file [[32mOK found and valid[0m]
[0m03:04:09.327459 [info ] [MainThread]:   dbt_project.yml file [[31mERROR not found[0m]
[0m03:04:09.340324 [info ] [MainThread]: Required dependencies:
[0m03:04:09.340324 [debug] [MainThread]: Executing "git --help"
[0m03:04:09.376216 [debug] [MainThread]: STDOUT: "b"usage: git [-v | --version] [-h | --help] [-C <path>] [-c <name>=<value>]\n           [--exec-path[=<path>]] [--html-path] [--man-path] [--info-path]\n           [-p | --paginate | -P | --no-pager] [--no-replace-objects] [--no-lazy-fetch]\n           [--no-optional-locks] [--no-advice] [--bare] [--git-dir=<path>]\n           [--work-tree=<path>] [--namespace=<name>] [--config-env=<name>=<envvar>]\n           <command> [<args>]\n\nThese are common Git commands used in various situations:\n\nstart a working area (see also: git help tutorial)\n   clone      Clone a repository into a new directory\n   init       Create an empty Git repository or reinitialize an existing one\n\nwork on the current change (see also: git help everyday)\n   add        Add file contents to the index\n   mv         Move or rename a file, a directory, or a symlink\n   restore    Restore working tree files\n   rm         Remove files from the working tree and from the index\n\nexamine the history and state (see also: git help revisions)\n   bisect     Use binary search to find the commit that introduced a bug\n   diff       Show changes between commits, commit and working tree, etc\n   grep       Print lines matching a pattern\n   log        Show commit logs\n   show       Show various types of objects\n   status     Show the working tree status\n\ngrow, mark and tweak your common history\n   backfill   Download missing objects in a partial clone\n   branch     List, create, or delete branches\n   commit     Record changes to the repository\n   history    EXPERIMENTAL: Rewrite history\n   merge      Join two or more development histories together\n   rebase     Reapply commits on top of another base tip\n   reset      Set `HEAD` or the index to a known state\n   switch     Switch branches\n   tag        Create, list, delete or verify tags\n\ncollaborate (see also: git help workflows)\n   fetch      Download objects and refs from another repository\n   pull       Fetch from and integrate with another repository or a local branch\n   push       Update remote refs along with associated objects\n\n'git help -a' and 'git help -g' list available subcommands and some\nconcept guides. See 'git help <command>' or 'git help <concept>'\nto read about a specific subcommand or concept.\nSee 'git help git' for an overview of the system.\n""
[0m03:04:09.376216 [debug] [MainThread]: STDERR: "b''"
[0m03:04:09.376216 [info ] [MainThread]:  - git [[32mOK found[0m]

[0m03:04:09.376216 [info ] [MainThread]: Connection:
[0m03:04:09.376216 [info ] [MainThread]:   s3_staging_dir: s3://air-quality-pipeline-gabriel/athena-results/
[0m03:04:09.376216 [info ] [MainThread]:   work_group: None
[0m03:04:09.376216 [info ] [MainThread]:   skip_workgroup_check: False
[0m03:04:09.376216 [info ] [MainThread]:   region_name: us-east-1
[0m03:04:09.376216 [info ] [MainThread]:   database: awsdatacatalog
[0m03:04:09.384768 [info ] [MainThread]:   schema: air_quality
[0m03:04:09.384768 [info ] [MainThread]:   poll_interval: 1.0
[0m03:04:09.384768 [info ] [MainThread]:   aws_profile_name: None
[0m03:04:09.384768 [info ] [MainThread]:   aws_access_key_id: AKIAZWAFHOBMV2DTIQNG
[0m03:04:09.387780 [info ] [MainThread]:   endpoint_url: None
[0m03:04:09.387780 [info ] [MainThread]:   s3_data_dir: s3://air-quality-pipeline-gabriel/gold/
[0m03:04:09.389233 [info ] [MainThread]:   s3_data_naming: schema_table_unique
[0m03:04:09.389233 [info ] [MainThread]:   s3_tmp_table_dir: None
[0m03:04:09.391285 [info ] [MainThread]:   debug_query_state: False
[0m03:04:09.392407 [info ] [MainThread]:   seed_s3_upload_args: None
[0m03:04:09.392407 [info ] [MainThread]:   lf_tags_database: None
[0m03:04:09.392407 [info ] [MainThread]:   spark_work_group: None
[0m03:04:09.397344 [info ] [MainThread]: Registered adapter: athena=1.10.1
[0m03:04:09.608260 [debug] [MainThread]: Acquiring new athena connection 'debug'
[0m03:04:09.608260 [debug] [MainThread]: Using athena connection "debug"
[0m03:04:09.608260 [debug] [MainThread]: On debug: select 1 as id
[0m03:04:09.608260 [debug] [MainThread]: Opening a new connection, currently in state init
[0m03:05:49.161881 [debug] [MainThread]: dbt.adapters.athena.constants adapter: Error running SQL: select 1 as id
[0m03:05:49.161881 [debug] [MainThread]: On debug: Close
[0m03:05:49.161881 [info ] [MainThread]:   Connection test: [[31mERROR[0m]

[0m03:05:49.168617 [info ] [MainThread]: [31m2 checks failed:[0m
[0m03:05:49.180216 [info ] [MainThread]: Project loading failed for the following reason:
 project path <C:\projetos\air-quality-pipeline\dbt_project.yml> not found

[0m03:05:49.180216 [info ] [MainThread]: dbt was unable to connect to the specified database.
The database returned the following error:

  >Runtime Error
  An error occurred (InvalidRequestException) when calling the StartQueryExecution operation: The S3 location provided to save your query results is invalid. Please check your S3 location is correct and is in the same region and try again. If you continue to see the issue, contact customer support for further assistance.

Check your database credentials and try again. For more information, visit:
https://docs.getdbt.com/docs/configure-your-profile


[0m03:05:49.180216 [debug] [MainThread]: Command `dbt debug` failed at 03:05:49.180216 after 100.34 seconds
[0m03:05:49.188218 [debug] [MainThread]: Connection 'debug' was properly closed.
[0m03:05:49.188218 [debug] [MainThread]: Sending event: {'category': 'dbt', 'action': 'invocation', 'label': 'end', 'context': [<snowplow_tracker.self_describing_json.SelfDescribingJson object at 0x000001AD6C629850>, <snowplow_tracker.self_describing_json.SelfDescribingJson object at 0x000001AD73D522D0>, <snowplow_tracker.self_describing_json.SelfDescribingJson object at 0x000001AD713E4450>]}
[0m03:05:49.188218 [debug] [MainThread]: Flushing usage events
[0m03:05:50.685520 [debug] [MainThread]: An error was encountered while trying to flush usage events
